#
# There is insufficient memory for the Java Runtime Environment to continue.
# Native memory allocation (malloc) failed to allocate 1745296 bytes for Chunk::new
# Possible reasons:
#   The system is out of physical RAM or swap space
#   The process is running with CompressedOops enabled, and the Java Heap may be blocking the growth of the native heap
# Possible solutions:
#   Reduce memory load on the system
#   Increase physical memory or swap space
#   Check if swap backing store is full
#   Decrease Java heap size (-Xmx/-Xms)
#   Decrease number of Java threads
#   Decrease Java thread stack sizes (-Xss)
#   Set larger code cache with -XX:ReservedCodeCacheSize=
#   JVM is running with Unscaled Compressed Oops mode in which the Java heap is
#     placed in the first 4GB address space. The Java Heap base address is the
#     maximum limit for the native heap growth. Please use -XX:HeapBaseMinAddress
#     to set the Java Heap base and to place the Java Heap above 4GB virtual address.
# This output file may be truncated or incomplete.
#
#  Out of Memory Error (allocation.cpp:389), pid=16260, tid=0x0000000000005b88
#
# JRE version: OpenJDK Runtime Environment (8.0_202-b03) (build 1.8.0_202-release-1483-b03)
# Java VM: OpenJDK 64-Bit Server VM (25.202-b03 mixed mode windows-amd64 compressed oops)
# Failed to write core dump. Minidumps are not enabled by default on client versions of Windows
#

---------------  T H R E A D  ---------------

Current thread (0x0000000018a46800):  JavaThread "C2 CompilerThread0" daemon [_thread_in_native, id=23432, stack(0x0000000019310000,0x0000000019410000)]

Stack: [0x0000000019310000,0x0000000019410000]
[error occurred during error reporting (printing stack bounds), id 0xc0000005]

Native frames: (J=compiled Java code, j=interpreted, Vv=VM code, C=native code)


Current CompileTask:
C2:   4339 2269       4       groovy.lang.MetaClassImpl$1MOPIter::methodNameAction (325 bytes)


---------------  P R O C E S S  ---------------

Java Threads: ( => current thread )
  0x0000000019bba800 JavaThread "Cache worker for file hash cache (D:\_PROJECT\FLUTTER\root_check\example\android\.gradle\5.6.2\fileHashes)" [_thread_blocked, id=27344, stack(0x000000001fad0000,0x000000001fbd0000)]
  0x0000000019bba000 JavaThread "Cache worker for journal cache (C:\Users\hp\.gradle\caches\journal-1)" [_thread_blocked, id=6236, stack(0x000000001d830000,0x000000001d930000)]
  0x0000000019bb8800 JavaThread "File lock request listener" [_thread_in_native, id=29180, stack(0x000000001d730000,0x000000001d830000)]
  0x000000001a5b9800 JavaThread "Cache worker for file hash cache (C:\Users\hp\.gradle\caches\5.6.2\fileHashes)" [_thread_blocked, id=11196, stack(0x000000001d630000,0x000000001d730000)]
  0x000000001b3ad000 JavaThread "Thread-9" [_thread_blocked, id=28372, stack(0x000000001d330000,0x000000001d430000)]
  0x000000001b3ab800 JavaThread "Stdin handler" [_thread_blocked, id=16608, stack(0x000000001d230000,0x000000001d330000)]
  0x000000001b3b3800 JavaThread "Asynchronous log dispatcher for DefaultDaemonConnection: socket connection from /127.0.0.1:62677 to /127.0.0.1:62678" [_thread_blocked, id=24452, stack(0x000000001d030000,0x000000001d130000)]
  0x000000001b3b2000 JavaThread "Daemon worker" [_thread_in_vm, id=10384, stack(0x000000001cf30000,0x000000001d030000)]
  0x000000001b3cd000 JavaThread "Cancel handler" [_thread_blocked, id=9912, stack(0x000000001ce30000,0x000000001cf30000)]
  0x000000001b3b7800 JavaThread "Handler for socket connection from /127.0.0.1:62677 to /127.0.0.1:62678" [_thread_in_native, id=25572, stack(0x000000001cb30000,0x000000001cc30000)]
  0x000000001b3b6800 JavaThread "Daemon" [_thread_blocked, id=3476, stack(0x000000001ca30000,0x000000001cb30000)]
  0x000000001b325000 JavaThread "Daemon periodic checks" [_thread_blocked, id=28716, stack(0x000000001c930000,0x000000001ca30000)]
  0x000000001b317000 JavaThread "Incoming local TCP Connector on port 62677" [_thread_in_native, id=28192, stack(0x000000001c6f0000,0x000000001c7f0000)]
  0x000000001991e800 JavaThread "Daemon health stats" [_thread_blocked, id=8488, stack(0x000000001c0b0000,0x000000001c1b0000)]
  0x0000000018adc800 JavaThread "Service Thread" daemon [_thread_blocked, id=24708, stack(0x0000000019710000,0x0000000019810000)]
  0x0000000018a4f000 JavaThread "C1 CompilerThread3" daemon [_thread_blocked, id=28076, stack(0x0000000019610000,0x0000000019710000)]
  0x0000000016c4e800 JavaThread "C2 CompilerThread2" daemon [_thread_in_native, id=19756, stack(0x0000000019510000,0x0000000019610000)]
  0x0000000016c4c800 JavaThread "C2 CompilerThread1" daemon [_thread_in_native, id=16224, stack(0x0000000019410000,0x0000000019510000)]
=>0x0000000018a46800 JavaThread "C2 CompilerThread0" daemon [_thread_in_native, id=23432, stack(0x0000000019310000,0x0000000019410000)]
  0x0000000018a44800 JavaThread "Attach Listener" daemon [_thread_blocked, id=20268, stack(0x0000000019210000,0x0000000019310000)]
  0x0000000018a43000 JavaThread "Signal Dispatcher" daemon [_thread_blocked, id=17708, stack(0x0000000019110000,0x0000000019210000)]
  0x0000000018a31800 JavaThread "Finalizer" daemon [_thread_blocked, id=3700, stack(0x0000000018f10000,0x0000000019010000)]
  0x0000000018a30800 JavaThread "Reference Handler" daemon [_thread_blocked, id=12600, stack(0x0000000018e10000,0x0000000018f10000)]
  0x00000000013be000 JavaThread "main" [_thread_blocked, id=10956, stack(0x0000000002ba0000,0x0000000002ca0000)]

Other Threads:
  0x0000000016c38800 VMThread [stack: 0x0000000018910000,0x0000000018a10000] [id=1368]
  0x0000000018aed800 WatcherThread [stack: 0x0000000019810000,0x0000000019910000] [id=23048]

VM state:not at safepoint (normal execution)

VM Mutex/Monitor currently owned by a thread: None

heap address: 0x00000000a0000000, size: 1536 MB, Compressed Oops mode: 32-bit
Narrow klass base: 0x0000000000000000, Narrow klass shift: 3
Compressed class space size: 1073741824 Address: 0x0000000100000000

Heap:
 PSYoungGen      total 77312K, used 54310K [0x00000000e0000000, 0x00000000e7f80000, 0x0000000100000000)
  eden space 65536K, 69% used [0x00000000e0000000,0x00000000e2c2f070,0x00000000e4000000)
  from space 11776K, 76% used [0x00000000e4000000,0x00000000e48da8e8,0x00000000e4b80000)
  to   space 12288K, 0% used [0x00000000e7380000,0x00000000e7380000,0x00000000e7f80000)
 ParOldGen       total 61440K, used 10295K [0x00000000a0000000, 0x00000000a3c00000, 0x00000000e0000000)
  object space 61440K, 16% used [0x00000000a0000000,0x00000000a0a0dea8,0x00000000a3c00000)
 Metaspace       used 31544K, capacity 32200K, committed 32384K, reserved 1077248K
  class space    used 4250K, capacity 4475K, committed 4480K, reserved 1048576K

Card table byte_map: [0x0000000012240000,0x0000000012550000] byte_map_base: 0x0000000011d40000

Marking Bits: (ParMarkBitMap*) 0x0000000059319f30
 Begin Bits: [0x0000000012f50000, 0x0000000014750000)
 End Bits:   [0x0000000014750000, 0x0000000015f50000)

Polling page: 0x0000000000ec0000

CodeCache: size=245760Kb used=10286Kb max_used=10298Kb free=235473Kb
 bounds [0x0000000002e80000, 0x00000000038a0000, 0x0000000011e80000]
 total_blobs=3381 nmethods=2697 adapters=597
 compilation: enabled

Compilation events (10 events):
Event: 4.319 Thread 0x0000000018a4f000 nmethod 2695 0x0000000003887e50 code [0x0000000003888000, 0x0000000003888738]
Event: 4.319 Thread 0x0000000018a4f000 2696       3       com.google.common.collect.CompactLinkedHashMap::accessEntry (48 bytes)
Event: 4.320 Thread 0x0000000018a4f000 nmethod 2696 0x000000000388e9d0 code [0x000000000388eb60, 0x000000000388eee8]
Event: 4.323 Thread 0x0000000016c4e800 2697       4       java.util.zip.ZipCoder::toString (190 bytes)
Event: 4.325 Thread 0x0000000018a4f000 2698       3       java.lang.Class$MethodArray::addInterfaceMethods (44 bytes)
Event: 4.326 Thread 0x0000000018a4f000 nmethod 2698 0x000000000388f0d0 code [0x000000000388f260, 0x000000000388f668]
Event: 4.331 Thread 0x0000000016c4e800 nmethod 2697 0x0000000003892ad0 code [0x0000000003892c80, 0x0000000003893318]
Event: 4.331 Thread 0x0000000016c4e800 2699       4       java.lang.Class$MethodArray::removeLessSpecifics (111 bytes)
Event: 4.335 Thread 0x0000000018a4f000 2701       3       java.util.ArrayList::<init> (67 bytes)
Event: 4.336 Thread 0x0000000018a4f000 nmethod 2701 0x0000000003892210 code [0x00000000038923c0, 0x00000000038928f8]

GC Heap History (10 events):
Event: 2.520 GC heap before
{Heap before GC invocations=4 (full 0):
 PSYoungGen      total 38400K, used 38372K [0x00000000e0000000, 0x00000000e2a80000, 0x0000000100000000)
  eden space 33280K, 100% used [0x00000000e0000000,0x00000000e2080000,0x00000000e2080000)
  from space 5120K, 99% used [0x00000000e2080000,0x00000000e2579388,0x00000000e2580000)
  to   space 5120K, 0% used [0x00000000e2580000,0x00000000e2580000,0x00000000e2a80000)
 ParOldGen       total 87552K, used 1687K [0x00000000a0000000, 0x00000000a5580000, 0x00000000e0000000)
  object space 87552K, 1% used [0x00000000a0000000,0x00000000a01a5d80,0x00000000a5580000)
 Metaspace       used 14703K, capacity 15072K, committed 15360K, reserved 1062912K
  class space    used 2067K, capacity 2192K, committed 2304K, reserved 1048576K
Event: 2.527 GC heap after
Heap after GC invocations=4 (full 0):
 PSYoungGen      total 38400K, used 5104K [0x00000000e0000000, 0x00000000e4b00000, 0x0000000100000000)
  eden space 33280K, 0% used [0x00000000e0000000,0x00000000e0000000,0x00000000e2080000)
  from space 5120K, 99% used [0x00000000e2580000,0x00000000e2a7c030,0x00000000e2a80000)
  to   space 5120K, 0% used [0x00000000e2080000,0x00000000e2080000,0x00000000e2580000)
 ParOldGen       total 87552K, used 4159K [0x00000000a0000000, 0x00000000a5580000, 0x00000000e0000000)
  object space 87552K, 4% used [0x00000000a0000000,0x00000000a040fc58,0x00000000a5580000)
 Metaspace       used 14703K, capacity 15072K, committed 15360K, reserved 1062912K
  class space    used 2067K, capacity 2192K, committed 2304K, reserved 1048576K
}
Event: 2.871 GC heap before
{Heap before GC invocations=5 (full 0):
 PSYoungGen      total 38400K, used 38384K [0x00000000e0000000, 0x00000000e4b00000, 0x0000000100000000)
  eden space 33280K, 100% used [0x00000000e0000000,0x00000000e2080000,0x00000000e2080000)
  from space 5120K, 99% used [0x00000000e2580000,0x00000000e2a7c030,0x00000000e2a80000)
  to   space 5120K, 0% used [0x00000000e2080000,0x00000000e2080000,0x00000000e2580000)
 ParOldGen       total 87552K, used 4159K [0x00000000a0000000, 0x00000000a5580000, 0x00000000e0000000)
  object space 87552K, 4% used [0x00000000a0000000,0x00000000a040fc58,0x00000000a5580000)
 Metaspace       used 17764K, capacity 18188K, committed 18432K, reserved 1064960K
  class space    used 2560K, capacity 2724K, committed 2816K, reserved 1048576K
Event: 2.879 GC heap after
Heap after GC invocations=5 (full 0):
 PSYoungGen      total 38400K, used 5088K [0x00000000e0000000, 0x00000000e5600000, 0x0000000100000000)
  eden space 33280K, 0% used [0x00000000e0000000,0x00000000e0000000,0x00000000e2080000)
  from space 5120K, 99% used [0x00000000e2080000,0x00000000e2578020,0x00000000e2580000)
  to   space 10752K, 0% used [0x00000000e4b80000,0x00000000e4b80000,0x00000000e5600000)
 ParOldGen       total 87552K, used 7934K [0x00000000a0000000, 0x00000000a5580000, 0x00000000e0000000)
  object space 87552K, 9% used [0x00000000a0000000,0x00000000a07bf8d8,0x00000000a5580000)
 Metaspace       used 17764K, capacity 18188K, committed 18432K, reserved 1064960K
  class space    used 2560K, capacity 2724K, committed 2816K, reserved 1048576K
}
Event: 3.224 GC heap before
{Heap before GC invocations=6 (full 0):
 PSYoungGen      total 38400K, used 36838K [0x00000000e0000000, 0x00000000e5600000, 0x0000000100000000)
  eden space 33280K, 95% used [0x00000000e0000000,0x00000000e1f01b30,0x00000000e2080000)
  from space 5120K, 99% used [0x00000000e2080000,0x00000000e2578020,0x00000000e2580000)
  to   space 10752K, 0% used [0x00000000e4b80000,0x00000000e4b80000,0x00000000e5600000)
 ParOldGen       total 87552K, used 7934K [0x00000000a0000000, 0x00000000a5580000, 0x00000000e0000000)
  object space 87552K, 9% used [0x00000000a0000000,0x00000000a07bf8d8,0x00000000a5580000)
 Metaspace       used 20695K, capacity 21200K, committed 21296K, reserved 1067008K
  class space    used 2975K, capacity 3172K, committed 3200K, reserved 1048576K
Event: 3.232 GC heap after
Heap after GC invocations=6 (full 0):
 PSYoungGen      total 76288K, used 9431K [0x00000000e0000000, 0x00000000e5800000, 0x0000000100000000)
  eden space 65536K, 0% used [0x00000000e0000000,0x00000000e0000000,0x00000000e4000000)
  from space 10752K, 87% used [0x00000000e4b80000,0x00000000e54b5d00,0x00000000e5600000)
  to   space 11776K, 0% used [0x00000000e4000000,0x00000000e4000000,0x00000000e4b80000)
 ParOldGen       total 87552K, used 7942K [0x00000000a0000000, 0x00000000a5580000, 0x00000000e0000000)
  object space 87552K, 9% used [0x00000000a0000000,0x00000000a07c18d8,0x00000000a5580000)
 Metaspace       used 20695K, capacity 21200K, committed 21296K, reserved 1067008K
  class space    used 2975K, capacity 3172K, committed 3200K, reserved 1048576K
}
Event: 3.232 GC heap before
{Heap before GC invocations=7 (full 1):
 PSYoungGen      total 76288K, used 9431K [0x00000000e0000000, 0x00000000e5800000, 0x0000000100000000)
  eden space 65536K, 0% used [0x00000000e0000000,0x00000000e0000000,0x00000000e4000000)
  from space 10752K, 87% used [0x00000000e4b80000,0x00000000e54b5d00,0x00000000e5600000)
  to   space 11776K, 0% used [0x00000000e4000000,0x00000000e4000000,0x00000000e4b80000)
 ParOldGen       total 87552K, used 7942K [0x00000000a0000000, 0x00000000a5580000, 0x00000000e0000000)
  object space 87552K, 9% used [0x00000000a0000000,0x00000000a07c18d8,0x00000000a5580000)
 Metaspace       used 20695K, capacity 21200K, committed 21296K, reserved 1067008K
  class space    used 2975K, capacity 3172K, committed 3200K, reserved 1048576K
Event: 3.263 GC heap after
Heap after GC invocations=7 (full 1):
 PSYoungGen      total 76288K, used 0K [0x00000000e0000000, 0x00000000e5800000, 0x0000000100000000)
  eden space 65536K, 0% used [0x00000000e0000000,0x00000000e0000000,0x00000000e4000000)
  from space 10752K, 0% used [0x00000000e4b80000,0x00000000e4b80000,0x00000000e5600000)
  to   space 11776K, 0% used [0x00000000e4000000,0x00000000e4000000,0x00000000e4b80000)
 ParOldGen       total 61440K, used 10287K [0x00000000a0000000, 0x00000000a3c00000, 0x00000000e0000000)
  object space 61440K, 16% used [0x00000000a0000000,0x00000000a0a0bea8,0x00000000a3c00000)
 Metaspace       used 20695K, capacity 21200K, committed 21296K, reserved 1067008K
  class space    used 2975K, capacity 3172K, committed 3200K, reserved 1048576K
}
Event: 3.924 GC heap before
{Heap before GC invocations=8 (full 1):
 PSYoungGen      total 76288K, used 65536K [0x00000000e0000000, 0x00000000e5800000, 0x0000000100000000)
  eden space 65536K, 100% used [0x00000000e0000000,0x00000000e4000000,0x00000000e4000000)
  from space 10752K, 0% used [0x00000000e4b80000,0x00000000e4b80000,0x00000000e5600000)
  to   space 11776K, 0% used [0x00000000e4000000,0x00000000e4000000,0x00000000e4b80000)
 ParOldGen       total 61440K, used 10287K [0x00000000a0000000, 0x00000000a3c00000, 0x00000000e0000000)
  object space 61440K, 16% used [0x00000000a0000000,0x00000000a0a0bea8,0x00000000a3c00000)
 Metaspace       used 28814K, capacity 29386K, committed 29568K, reserved 1075200K
  class space    used 3908K, capacity 4102K, committed 4224K, reserved 1048576K
Event: 3.935 GC heap after
Heap after GC invocations=8 (full 1):
 PSYoungGen      total 77312K, used 9066K [0x00000000e0000000, 0x00000000e7f80000, 0x0000000100000000)
  eden space 65536K, 0% used [0x00000000e0000000,0x00000000e0000000,0x00000000e4000000)
  from space 11776K, 76% used [0x00000000e4000000,0x00000000e48da8e8,0x00000000e4b80000)
  to   space 12288K, 0% used [0x00000000e7380000,0x00000000e7380000,0x00000000e7f80000)
 ParOldGen       total 61440K, used 10295K [0x00000000a0000000, 0x00000000a3c00000, 0x00000000e0000000)
  object space 61440K, 16% used [0x00000000a0000000,0x00000000a0a0dea8,0x00000000a3c00000)
 Metaspace       used 28814K, capacity 29386K, committed 29568K, reserved 1075200K
  class space    used 3908K, capacity 4102K, committed 4224K, reserved 1048576K
}

Deoptimization events (10 events):
Event: 3.712 Thread 0x000000001b3b2000 Uncommon trap: reason=unstable_if action=reinterpret pc=0x00000000036ff478 method=org.codehaus.groovy.runtime.metaclass.MetaMethodIndex.addMethodToList(Ljava/lang/Object;Lgroovy/lang/MetaMethod;)Ljava/lang/Object; @ 226
Event: 3.826 Thread 0x000000001b3b2000 Uncommon trap: reason=unstable_if action=reinterpret pc=0x0000000003325464 method=java.util.HashMap.hash(Ljava/lang/Object;)I @ 1
Event: 3.901 Thread 0x000000001b3b2000 Uncommon trap: reason=unstable_if action=reinterpret pc=0x0000000003104ac4 method=java.util.HashMap.getNode(ILjava/lang/Object;)Ljava/util/HashMap$Node; @ 53
Event: 3.901 Thread 0x000000001b3b2000 Uncommon trap: reason=unstable_if action=reinterpret pc=0x00000000032f5ec0 method=java.util.HashMap.hash(Ljava/lang/Object;)I @ 1
Event: 3.936 Thread 0x0000000018a30800 Uncommon trap: reason=unstable_if action=reinterpret pc=0x000000000337b13c method=java.lang.ref.Reference.tryHandlePending(Z)Z @ 104
Event: 3.955 Thread 0x000000001b3b2000 Uncommon trap: reason=unstable_if action=reinterpret pc=0x000000000314f570 method=java.util.LinkedHashMap.afterNodeInsertion(Z)V @ 1
Event: 3.988 Thread 0x000000001b3b2000 Uncommon trap: reason=bimorphic action=maybe_recompile pc=0x00000000036ca36c method=java.util.AbstractCollection.addAll(Ljava/util/Collection;)Z @ 29
Event: 4.041 Thread 0x000000001b3b2000 Uncommon trap: reason=unstable_if action=reinterpret pc=0x0000000003796284 method=org.gradle.internal.reflect.PropertyAccessorType.isGetGetterName(Ljava/lang/String;)Z @ 14
Event: 4.095 Thread 0x000000001b3b2000 Uncommon trap: reason=unstable_if action=reinterpret pc=0x000000000376af34 method=java.lang.String.lastIndexOf([CII[CIII)I @ 118
Event: 4.288 Thread 0x000000001b3b2000 Uncommon trap: reason=unstable_if action=reinterpret pc=0x00000000031209cc method=java.io.WinNTFileSystem.resolve(Ljava/lang/String;Ljava/lang/String;)Ljava/lang/String; @ 49

Classes redefined (0 events):
No events

Internal exceptions (10 events):
Event: 3.993 Thread 0x000000001b3b2000 Exception <a 'java/lang/ClassNotFoundException': org/gradle/api/internal/project/DefaultProjectBeanInfo> (0x00000000e04063e8) thrown at [D:\src\AOSP-openjdk-cygwin\jdk8u\hotspot\src\share\vm\classfile\systemDictionary.cpp, line 210]
Event: 3.994 Thread 0x000000001b3b2000 Exception <a 'java/lang/ClassNotFoundException': org/gradle/api/internal/project/DefaultProjectCustomizer> (0x00000000e0421348) thrown at [D:\src\AOSP-openjdk-cygwin\jdk8u\hotspot\src\share\vm\classfile\systemDictionary.cpp, line 210]
Event: 3.999 Thread 0x000000001b3b2000 Exception <a 'java/lang/ClassNotFoundException': org/gradle/api/internal/project/DefaultProject_DecoratedCustomizer> (0x00000000e050d248) thrown at [D:\src\AOSP-openjdk-cygwin\jdk8u\hotspot\src\share\vm\classfile\systemDictionary.cpp, line 210]
Event: 4.009 Thread 0x000000001b3b2000 Exception <a 'java/lang/ClassNotFoundException': org/gradle/api/internal/plugins/DefaultObjectConfigurationActionBeanInfo> (0x00000000e063d888) thrown at [D:\src\AOSP-openjdk-cygwin\jdk8u\hotspot\src\share\vm\classfile\systemDictionary.cpp, line 210]
Event: 4.010 Thread 0x000000001b3b2000 Exception <a 'java/lang/ClassNotFoundException': org/gradle/api/internal/plugins/DefaultObjectConfigurationActionCustomizer> (0x00000000e065cf58) thrown at [D:\src\AOSP-openjdk-cygwin\jdk8u\hotspot\src\share\vm\classfile\systemDictionary.cpp, line 210]
Event: 4.148 Thread 0x000000001b3ad000 Exception <a 'java/lang/NoSuchMethodError': <clinit>> (0x00000000e03785b8) thrown at [D:\src\AOSP-openjdk-cygwin\jdk8u\hotspot\src\share\vm\prims\jni.cpp, line 1614]
Event: 4.270 Thread 0x000000001b3b2000 Exception <a 'java/lang/ClassNotFoundException': build_1djhozaj3e6vrj36skwg7inkwBeanInfo> (0x00000000e1ff5290) thrown at [D:\src\AOSP-openjdk-cygwin\jdk8u\hotspot\src\share\vm\classfile\systemDictionary.cpp, line 210]
Event: 4.270 Thread 0x000000001b3b2000 Exception <a 'java/lang/ClassNotFoundException': org/gradle/api/internal/project/ProjectScriptBeanInfo> (0x00000000e2043080) thrown at [D:\src\AOSP-openjdk-cygwin\jdk8u\hotspot\src\share\vm\classfile\systemDictionary.cpp, line 210]
Event: 4.271 Thread 0x000000001b3b2000 Exception <a 'java/lang/ClassNotFoundException': org/gradle/api/internal/project/ProjectScriptCustomizer> (0x00000000e205bf80) thrown at [D:\src\AOSP-openjdk-cygwin\jdk8u\hotspot\src\share\vm\classfile\systemDictionary.cpp, line 210]
Event: 4.271 Thread 0x000000001b3b2000 Exception <a 'java/lang/ClassNotFoundException': build_1djhozaj3e6vrj36skwg7inkwCustomizer> (0x00000000e207dc50) thrown at [D:\src\AOSP-openjdk-cygwin\jdk8u\hotspot\src\share\vm\classfile\systemDictionary.cpp, line 210]

Events (10 events):
Event: 4.324 loading class groovy/runtime/metaclass/org/gradle/api/internal/artifacts/dsl/DefaultRepositoryHandler_DecoratedMetaClass
Event: 4.324 loading class groovy/runtime/metaclass/org/gradle/api/internal/artifacts/dsl/DefaultRepositoryHandler_DecoratedMetaClass done
Event: 4.328 loading class org/gradle/api/internal/provider/CollectionProviderInternal
Event: 4.328 loading class org/gradle/api/internal/provider/CollectionProviderInternal done
Event: 4.337 loading class org/gradle/api/internal/artifacts/dsl/DefaultRepositoryHandler_DecoratedBeanInfo
Event: 4.337 loading class org/gradle/api/internal/artifacts/dsl/DefaultRepositoryHandler_DecoratedBeanInfo done
Event: 4.337 loading class org/gradle/api/internal/artifacts/dsl/DefaultRepositoryHandler_DecoratedBeanInfo
Event: 4.337 loading class org/gradle/api/internal/artifacts/dsl/DefaultRepositoryHandler_DecoratedBeanInfo done
Event: 4.337 loading class org/gradle/api/internal/artifacts/dsl/DefaultRepositoryHandler_DecoratedBeanInfo
Event: 4.337 loading class org/gradle/api/internal/artifacts/dsl/DefaultRepositoryHandler_DecoratedBeanInfo done


Dynamic libraries:
0x00007ff669300000 - 0x00007ff669331000 	C:\Android\Android Studio\jre\bin\java.exe
0x00007ffb908e0000 - 0x00007ffb90ad0000 	C:\WINDOWS\SYSTEM32\ntdll.dll
0x00007ffb90640000 - 0x00007ffb906f2000 	C:\WINDOWS\System32\KERNEL32.DLL
0x00007ffb8e690000 - 0x00007ffb8e933000 	C:\WINDOWS\System32\KERNELBASE.dll
0x00007ffb8b410000 - 0x00007ffb8b49f000 	C:\WINDOWS\SYSTEM32\apphelp.dll
0x00007ffb8fc70000 - 0x00007ffb8fd13000 	C:\WINDOWS\System32\ADVAPI32.dll
0x00007ffb8fdf0000 - 0x00007ffb8fe8e000 	C:\WINDOWS\System32\msvcrt.dll
0x00007ffb8ee60000 - 0x00007ffb8eef7000 	C:\WINDOWS\System32\sechost.dll
0x00007ffb8ed40000 - 0x00007ffb8ee60000 	C:\WINDOWS\System32\RPCRT4.dll
0x00007ffb90700000 - 0x00007ffb90894000 	C:\WINDOWS\System32\USER32.dll
0x00007ffb8e510000 - 0x00007ffb8e531000 	C:\WINDOWS\System32\win32u.dll
0x00007ffb8fab0000 - 0x00007ffb8fad6000 	C:\WINDOWS\System32\GDI32.dll
0x00007ffb8da20000 - 0x00007ffb8dbb4000 	C:\WINDOWS\System32\gdi32full.dll
0x00007ffb8e5f0000 - 0x00007ffb8e68e000 	C:\WINDOWS\System32\msvcp_win.dll
0x00007ffb8d8a0000 - 0x00007ffb8d99a000 	C:\WINDOWS\System32\ucrtbase.dll
0x00007ffb7bde0000 - 0x00007ffb7c065000 	C:\WINDOWS\WinSxS\amd64_microsoft.windows.common-controls_6595b64144ccf1df_6.0.18362.720_none_e6beb5c51314836b\COMCTL32.dll
0x00007ffb8fe90000 - 0x00007ffb901c6000 	C:\WINDOWS\System32\combase.dll
0x00007ffb8d9a0000 - 0x00007ffb8da20000 	C:\WINDOWS\System32\bcryptPrimitives.dll
0x00007ffb8eca0000 - 0x00007ffb8ecce000 	C:\WINDOWS\System32\IMM32.DLL
0x0000000058780000 - 0x0000000058852000 	C:\Android\Android Studio\jre\jre\bin\msvcr100.dll
0x0000000058b50000 - 0x0000000059396000 	C:\Android\Android Studio\jre\jre\bin\server\jvm.dll
0x00007ffb8fc60000 - 0x00007ffb8fc68000 	C:\WINDOWS\System32\PSAPI.DLL
0x00007ffb7b5e0000 - 0x00007ffb7b5e9000 	C:\WINDOWS\SYSTEM32\WSOCK32.dll
0x00007ffb871e0000 - 0x00007ffb871ea000 	C:\WINDOWS\SYSTEM32\VERSION.dll
0x00007ffb8fae0000 - 0x00007ffb8fb4f000 	C:\WINDOWS\System32\WS2_32.dll
0x00007ffb89ea0000 - 0x00007ffb89ec4000 	C:\WINDOWS\SYSTEM32\WINMM.dll
0x00007ffb89e70000 - 0x00007ffb89e9d000 	C:\WINDOWS\SYSTEM32\WINMMBASE.dll
0x00007ffb8e940000 - 0x00007ffb8e98a000 	C:\WINDOWS\System32\cfgmgr32.dll
0x00007ffb86800000 - 0x00007ffb8680f000 	C:\Android\Android Studio\jre\jre\bin\verify.dll
0x00007ffb7ee20000 - 0x00007ffb7ee49000 	C:\Android\Android Studio\jre\jre\bin\java.dll
0x00007ffb857e0000 - 0x00007ffb857f6000 	C:\Android\Android Studio\jre\jre\bin\zip.dll
0x00007ffb8f3c0000 - 0x00007ffb8faa5000 	C:\WINDOWS\System32\SHELL32.dll
0x00007ffb8fbb0000 - 0x00007ffb8fc59000 	C:\WINDOWS\System32\shcore.dll
0x00007ffb8dd10000 - 0x00007ffb8e490000 	C:\WINDOWS\System32\windows.storage.dll
0x00007ffb8d840000 - 0x00007ffb8d863000 	C:\WINDOWS\System32\profapi.dll
0x00007ffb8d7b0000 - 0x00007ffb8d7fa000 	C:\WINDOWS\System32\powrprof.dll
0x00007ffb8d7a0000 - 0x00007ffb8d7b0000 	C:\WINDOWS\System32\UMPDC.dll
0x00007ffb8ece0000 - 0x00007ffb8ed32000 	C:\WINDOWS\System32\shlwapi.dll
0x00007ffb8d800000 - 0x00007ffb8d811000 	C:\WINDOWS\System32\kernel.appcore.dll
0x00007ffb8e4f0000 - 0x00007ffb8e507000 	C:\WINDOWS\System32\cryptsp.dll
0x00007ffb7e050000 - 0x00007ffb7e06a000 	C:\Android\Android Studio\jre\jre\bin\net.dll
0x00007ffb8d010000 - 0x00007ffb8d077000 	C:\WINDOWS\system32\mswsock.dll
0x00007ffb7dfa0000 - 0x00007ffb7dfb1000 	C:\Android\Android Studio\jre\jre\bin\nio.dll
0x00007ffb7e200000 - 0x00007ffb7e226000 	C:\Users\hp\.gradle\native\30\windows-amd64\native-platform.dll
0x00007ffb85c50000 - 0x00007ffb85c5d000 	C:\Android\Android Studio\jre\jre\bin\management.dll
0x00007ffb8cb80000 - 0x00007ffb8cbb3000 	C:\WINDOWS\system32\rsaenh.dll
0x00007ffb8d870000 - 0x00007ffb8d896000 	C:\WINDOWS\System32\bcrypt.dll
0x00007ffb8d6c0000 - 0x00007ffb8d6e5000 	C:\WINDOWS\SYSTEM32\USERENV.dll
0x00007ffb8d1e0000 - 0x00007ffb8d1ec000 	C:\WINDOWS\SYSTEM32\CRYPTBASE.dll
0x00007ffb8cd20000 - 0x00007ffb8cd5a000 	C:\WINDOWS\SYSTEM32\IPHLPAPI.DLL
0x00007ffb8ecd0000 - 0x00007ffb8ecd8000 	C:\WINDOWS\System32\NSI.dll
0x00007ffb823f0000 - 0x00007ffb82406000 	C:\WINDOWS\SYSTEM32\dhcpcsvc6.DLL
0x00007ffb83bd0000 - 0x00007ffb83bec000 	C:\WINDOWS\SYSTEM32\dhcpcsvc.DLL
0x00007ffb8cd60000 - 0x00007ffb8ce2a000 	C:\WINDOWS\SYSTEM32\DNSAPI.dll

VM Arguments:
jvm_args: -Xmx1536M -Dfile.encoding=utf8 -Duser.country=ID -Duser.language=en -Duser.variant 
java_command: org.gradle.launcher.daemon.bootstrap.GradleDaemon 5.6.2
java_class_path (initial): C:\Users\hp\.gradle\wrapper\dists\gradle-5.6.2-all\9st6wgf78h16so49nn74lgtbb\gradle-5.6.2\lib\gradle-launcher-5.6.2.jar
Launcher Type: SUN_STANDARD

Environment Variables:
JAVA_HOME=C:\Android\Android Studio\jre
PATH=D:\oracle\product\11.2.0\client_1\bin;C:\Python\Python37\Scripts\;C:\Python\Python37\;C:\Program Files (x86)\Intel\iCLS Client\;C:\Program Files\Intel\iCLS Client\;C:\windows\system32;C:\windows;C:\windows\System32\Wbem;C:\windows\System32\WindowsPowerShell\v1.0\;C:\Program Files (x86)\Intel\Intel(R) Management Engine Components\DAL;C:\Program Files\Intel\Intel(R) Management Engine Components\DAL;C:\Program Files (x86)\Intel\Intel(R) Management Engine Components\IPT;C:\Program Files\Intel\Intel(R) Management Engine Components\IPT;C:\Program Files (x86)\NVIDIA Corporation\PhysX\Common;C:\Program Files\MySQL\MySQL Server 5.7\bin;D:\ProgramFiles\Git\cmd;D:\ProgramFiles\Dart\dart-sdk\bin;C:\WINDOWS\system32;C:\WINDOWS;C:\WINDOWS\System32\Wbem;C:\WINDOWS\System32\WindowsPowerShell\v1.0\;C:\WINDOWS\System32\OpenSSH\;C:\Flutter\flutter\bin;C:\Program Files\TortoiseSVN\bin;D:\Bitnami\wamp\php;C:\ProgramData\ComposerSetup\bin;C:\Program Files\dotnet\;C:\Program Files\Microsoft SQL Server\130\Tools\Binn\;D:\ProgramFiles\TortoiseGit\bin;C:\nodejs\;C:\Users\hp\AppData\Local\Microsoft\WindowsApps;C:\Users\hp\AppData\Local\Programs\Microsoft VS Code\bin;C:\Users\hp\AppData\Roaming\Composer\vendor\bin;C:\Users\hp\AppData\Roaming\npm;C:\Android\Android Studio\jre\bin
USERNAME=hp
OS=Windows_NT
PROCESSOR_IDENTIFIER=Intel64 Family 6 Model 142 Stepping 10, GenuineIntel



---------------  S Y S T E M  ---------------

OS: Windows 10.0 , 64 bit Build 18362 (10.0.18362.329)

CPU:total 8 (initial active 8) (4 cores per cpu, 2 threads per core) family 6 model 142 stepping 10, cmov, cx8, fxsr, mmx, sse, sse2, sse3, ssse3, sse4.1, sse4.2, popcnt, avx, avx2, aes, clmul, erms, 3dnowpref, lzcnt, ht, tsc, tscinvbit, bmi1, bmi2, adx

Memory: 4k page, physical 8259236k(503768k free), swap 23727776k(6372k free)

vm_info: OpenJDK 64-Bit Server VM (25.202-b03) for windows-amd64 JRE (1.8.0_202-release-1483-b03), built by "builder" with MS VC++ 10.0 (VS2010)

time: Thu Apr 09 16:04:38 2020
timezone: SE Asia Standard Time
elapsed time: 4 seconds (0d 0h 0m 4s)

