#
# There is insufficient memory for the Java Runtime Environment to continue.
# Native memory allocation (malloc) failed to allocate 856656 bytes for Chunk::new
# Possible reasons:
#   The system is out of physical RAM or swap space
#   The process is running with CompressedOops enabled, and the Java Heap may be blocking the growth of the native heap
# Possible solutions:
#   Reduce memory load on the system
#   Increase physical memory or swap space
#   Check if swap backing store is full
#   Decrease Java heap size (-Xmx/-Xms)
#   Decrease number of Java threads
#   Decrease Java thread stack sizes (-Xss)
#   Set larger code cache with -XX:ReservedCodeCacheSize=
#   JVM is running with Unscaled Compressed Oops mode in which the Java heap is
#     placed in the first 4GB address space. The Java Heap base address is the
#     maximum limit for the native heap growth. Please use -XX:HeapBaseMinAddress
#     to set the Java Heap base and to place the Java Heap above 4GB virtual address.
# This output file may be truncated or incomplete.
#
#  Out of Memory Error (allocation.cpp:389), pid=15432, tid=0x00000000000044d8
#
# JRE version: OpenJDK Runtime Environment (8.0_202-b03) (build 1.8.0_202-release-1483-b03)
# Java VM: OpenJDK 64-Bit Server VM (25.202-b03 mixed mode windows-amd64 compressed oops)
# Failed to write core dump. Minidumps are not enabled by default on client versions of Windows
#

---------------  T H R E A D  ---------------

Current thread (0x00000000174d1000):  JavaThread "C2 CompilerThread2" daemon [_thread_in_native, id=17624, stack(0x0000000017f90000,0x0000000018090000)]

Stack: [0x0000000017f90000,0x0000000018090000]
[error occurred during error reporting (printing stack bounds), id 0xc0000005]

Native frames: (J=compiled Java code, j=interpreted, Vv=VM code, C=native code)


Current CompileTask:
C2:  18611 4721       4       java.io.ObjectInputStream::readClassDesc (128 bytes)


---------------  P R O C E S S  ---------------

Java Threads: ( => current thread )
  0x000000001ce32000 JavaThread "Forward input" [_thread_blocked, id=15996, stack(0x00000000223e0000,0x00000000224e0000)]
  0x00000000174cf000 JavaThread "pool-2-thread-1" [_thread_blocked, id=18264, stack(0x000000001f900000,0x000000001fa00000)]
  0x00000000174cc000 JavaThread "Connection worker" [_thread_in_native, id=3256, stack(0x000000001df80000,0x000000001e080000)]
  0x00000000174cb000 JavaThread "Timer-1" [_thread_blocked, id=2036, stack(0x0000000020c10000,0x0000000020d10000)]
  0x00000000174d0800 JavaThread "Timer-0" [_thread_blocked, id=17088, stack(0x000000001f600000,0x000000001f700000)]
  0x00000000174ce000 JavaThread "Worker-3: Updating Maven Dependencies" [_thread_blocked, id=15076, stack(0x000000001ddf0000,0x000000001def0000)]
  0x00000000174cf800 JavaThread "pool-1-thread-1" [_thread_blocked, id=17700, stack(0x000000001e130000,0x000000001e230000)]
  0x0000000019715800 JavaThread "Java indexing" daemon [_thread_blocked, id=2180, stack(0x000000001b350000,0x000000001b450000)]
  0x00000000196e5800 JavaThread "Worker-2" [_thread_blocked, id=27684, stack(0x000000001af50000,0x000000001b050000)]
  0x00000000193c1800 JavaThread "Worker-1: Initialize Workspace" [_thread_blocked, id=11984, stack(0x000000001ac50000,0x000000001ad50000)]
  0x0000000019397800 JavaThread "Worker-0" [_thread_blocked, id=15712, stack(0x000000001ab50000,0x000000001ac50000)]
  0x00000000194f1000 JavaThread "Worker-JM" [_thread_blocked, id=16988, stack(0x000000001a850000,0x000000001a950000)]
  0x0000000019214000 JavaThread "Bundle File Closer" daemon [_thread_blocked, id=5268, stack(0x000000001a2e0000,0x000000001a3e0000)]
  0x00000000186db800 JavaThread "Start Level: Equinox Container: 03f8f8d7-3488-45c6-9470-04124e8a2478" daemon [_thread_blocked, id=14940, stack(0x000000001a1e0000,0x000000001a2e0000)]
  0x00000000186f2000 JavaThread "Framework Event Dispatcher: Equinox Container: 03f8f8d7-3488-45c6-9470-04124e8a2478" daemon [_thread_blocked, id=21492, stack(0x000000001a0e0000,0x000000001a1e0000)]
  0x0000000018875800 JavaThread "Active Thread: Equinox Container: 03f8f8d7-3488-45c6-9470-04124e8a2478" [_thread_blocked, id=13316, stack(0x0000000019010000,0x0000000019110000)]
  0x0000000017575000 JavaThread "Service Thread" daemon [_thread_blocked, id=24316, stack(0x0000000018190000,0x0000000018290000)]
  0x00000000174d2000 JavaThread "C1 CompilerThread3" daemon [_thread_blocked, id=32, stack(0x0000000018090000,0x0000000018190000)]
=>0x00000000174d1000 JavaThread "C2 CompilerThread2" daemon [_thread_in_native, id=17624, stack(0x0000000017f90000,0x0000000018090000)]
  0x00000000174c8000 JavaThread "C2 CompilerThread1" daemon [_thread_blocked, id=23464, stack(0x0000000017e90000,0x0000000017f90000)]
  0x00000000174c1800 JavaThread "C2 CompilerThread0" daemon [_thread_blocked, id=20092, stack(0x0000000017d90000,0x0000000017e90000)]
  0x00000000174c0800 JavaThread "Attach Listener" daemon [_thread_blocked, id=16508, stack(0x0000000017c90000,0x0000000017d90000)]
  0x00000000156de000 JavaThread "Signal Dispatcher" daemon [_thread_blocked, id=18872, stack(0x0000000017b90000,0x0000000017c90000)]
  0x0000000002ba8800 JavaThread "Finalizer" daemon [_thread_blocked, id=16328, stack(0x0000000017990000,0x0000000017a90000)]
  0x00000000156cc000 JavaThread "Reference Handler" daemon [_thread_blocked, id=24256, stack(0x0000000017890000,0x0000000017990000)]
  0x0000000002ab2800 JavaThread "main" [_thread_blocked, id=10656, stack(0x00000000028f0000,0x00000000029f0000)]

Other Threads:
  0x00000000156c7800 VMThread [stack: 0x0000000017390000,0x0000000017490000] [id=27568]
  0x0000000017575800 WatcherThread [stack: 0x0000000018290000,0x0000000018390000] [id=28532]

VM state:not at safepoint (normal execution)

VM Mutex/Monitor currently owned by a thread: None

heap address: 0x00000000c0000000, size: 1024 MB, Compressed Oops mode: 32-bit
Narrow klass base: 0x0000000000000000, Narrow klass shift: 3
Compressed class space size: 1073741824 Address: 0x0000000100000000

Heap:
 PSYoungGen      total 29184K, used 12477K [0x00000000eab00000, 0x00000000ecc00000, 0x0000000100000000)
  eden space 24064K, 37% used [0x00000000eab00000,0x00000000eb3c69b0,0x00000000ec280000)
  from space 5120K, 68% used [0x00000000ec700000,0x00000000eca68b58,0x00000000ecc00000)
  to   space 4608K, 0% used [0x00000000ec280000,0x00000000ec280000,0x00000000ec700000)
 ParOldGen       total 68608K, used 28221K [0x00000000c0000000, 0x00000000c4300000, 0x00000000eab00000)
  object space 68608K, 41% used [0x00000000c0000000,0x00000000c1b8f790,0x00000000c4300000)
 Metaspace       used 46760K, capacity 49244K, committed 49280K, reserved 1091584K
  class space    used 5687K, capacity 6514K, committed 6528K, reserved 1048576K

Card table byte_map: [0x0000000011f70000,0x0000000012180000] byte_map_base: 0x0000000011970000

Marking Bits: (ParMarkBitMap*) 0x0000000059319f30
 Begin Bits: [0x0000000012ae0000, 0x0000000013ae0000)
 End Bits:   [0x0000000013ae0000, 0x0000000014ae0000)

Polling page: 0x0000000001110000

CodeCache: size=245760Kb used=13133Kb max_used=13152Kb free=232626Kb
 bounds [0x0000000002bb0000, 0x00000000038a0000, 0x0000000011bb0000]
 total_blobs=4588 nmethods=4053 adapters=447
 compilation: enabled

Compilation events (10 events):
Event: 18.552 Thread 0x00000000174d2000 nmethod 4707 0x0000000003890b50 code [0x0000000003890ce0, 0x0000000003891248]
Event: 18.556 Thread 0x00000000174d1000 nmethod 4708 0x0000000003894590 code [0x0000000003894700, 0x0000000003894c28]
Event: 18.559 Thread 0x00000000174c1800 4720       4       org.gradle.internal.serialize.AbstractDecoder$DecoderStream::read (11 bytes)
Event: 18.559 Thread 0x00000000174d1000 4721       4       java.io.ObjectInputStream::readClassDesc (128 bytes)
Event: 18.566 Thread 0x00000000174c1800 nmethod 4720 0x0000000003898dd0 code [0x0000000003898f20, 0x0000000003899308]
Event: 18.566 Thread 0x00000000174c1800 4722   !   4       java.io.ObjectInputStream::filterCheck (272 bytes)
Event: 18.567 Thread 0x00000000174c8000 nmethod 4719 0x0000000003895850 code [0x00000000038959e0, 0x0000000003896378]
Event: 18.567 Thread 0x00000000174c1800 nmethod 4722 0x0000000002ed8650 code [0x0000000002ed8780, 0x0000000002ed87f8]
Event: 18.579 Thread 0x00000000174d2000 4723       3       java.util.concurrent.locks.AbstractQueuedSynchronizer::compareAndSetTail (13 bytes)
Event: 18.579 Thread 0x00000000174d2000 nmethod 4723 0x0000000003895510 code [0x0000000003895660, 0x00000000038957f0]

GC Heap History (10 events):
Event: 8.455 GC heap before
{Heap before GC invocations=14 (full 2):
 PSYoungGen      total 25088K, used 24975K [0x00000000eab00000, 0x00000000ecc00000, 0x0000000100000000)
  eden space 22016K, 100% used [0x00000000eab00000,0x00000000ec080000,0x00000000ec080000)
  from space 3072K, 96% used [0x00000000ec080000,0x00000000ec363f28,0x00000000ec380000)
  to   space 5120K, 0% used [0x00000000ec700000,0x00000000ec700000,0x00000000ecc00000)
 ParOldGen       total 68608K, used 22458K [0x00000000c0000000, 0x00000000c4300000, 0x00000000eab00000)
  object space 68608K, 32% used [0x00000000c0000000,0x00000000c15ee9d0,0x00000000c4300000)
 Metaspace       used 38880K, capacity 41138K, committed 41216K, reserved 1085440K
  class space    used 4316K, capacity 5059K, committed 5120K, reserved 1048576K
Event: 8.458 GC heap after
Heap after GC invocations=14 (full 2):
 PSYoungGen      total 31232K, used 1252K [0x00000000eab00000, 0x00000000ecc00000, 0x0000000100000000)
  eden space 26112K, 0% used [0x00000000eab00000,0x00000000eab00000,0x00000000ec480000)
  from space 5120K, 24% used [0x00000000ec700000,0x00000000ec839370,0x00000000ecc00000)
  to   space 2560K, 0% used [0x00000000ec480000,0x00000000ec480000,0x00000000ec700000)
 ParOldGen       total 68608K, used 23246K [0x00000000c0000000, 0x00000000c4300000, 0x00000000eab00000)
  object space 68608K, 33% used [0x00000000c0000000,0x00000000c16b3a10,0x00000000c4300000)
 Metaspace       used 38880K, capacity 41138K, committed 41216K, reserved 1085440K
  class space    used 4316K, capacity 5059K, committed 5120K, reserved 1048576K
}
Event: 8.604 GC heap before
{Heap before GC invocations=15 (full 2):
 PSYoungGen      total 31232K, used 27364K [0x00000000eab00000, 0x00000000ecc00000, 0x0000000100000000)
  eden space 26112K, 100% used [0x00000000eab00000,0x00000000ec480000,0x00000000ec480000)
  from space 5120K, 24% used [0x00000000ec700000,0x00000000ec839370,0x00000000ecc00000)
  to   space 2560K, 0% used [0x00000000ec480000,0x00000000ec480000,0x00000000ec700000)
 ParOldGen       total 68608K, used 23246K [0x00000000c0000000, 0x00000000c4300000, 0x00000000eab00000)
  object space 68608K, 33% used [0x00000000c0000000,0x00000000c16b3a10,0x00000000c4300000)
 Metaspace       used 39991K, capacity 42280K, committed 42496K, reserved 1087488K
  class space    used 4530K, capacity 5272K, committed 5376K, reserved 1048576K
Event: 8.607 GC heap after
Heap after GC invocations=15 (full 2):
 PSYoungGen      total 28672K, used 2503K [0x00000000eab00000, 0x00000000ecc00000, 0x0000000100000000)
  eden space 26112K, 0% used [0x00000000eab00000,0x00000000eab00000,0x00000000ec480000)
  from space 2560K, 97% used [0x00000000ec480000,0x00000000ec6f1c18,0x00000000ec700000)
  to   space 3072K, 0% used [0x00000000ec900000,0x00000000ec900000,0x00000000ecc00000)
 ParOldGen       total 68608K, used 23254K [0x00000000c0000000, 0x00000000c4300000, 0x00000000eab00000)
  object space 68608K, 33% used [0x00000000c0000000,0x00000000c16b5a10,0x00000000c4300000)
 Metaspace       used 39991K, capacity 42280K, committed 42496K, reserved 1087488K
  class space    used 4530K, capacity 5272K, committed 5376K, reserved 1048576K
}
Event: 8.886 GC heap before
{Heap before GC invocations=16 (full 2):
 PSYoungGen      total 28672K, used 28615K [0x00000000eab00000, 0x00000000ecc00000, 0x0000000100000000)
  eden space 26112K, 100% used [0x00000000eab00000,0x00000000ec480000,0x00000000ec480000)
  from space 2560K, 97% used [0x00000000ec480000,0x00000000ec6f1c18,0x00000000ec700000)
  to   space 3072K, 0% used [0x00000000ec900000,0x00000000ec900000,0x00000000ecc00000)
 ParOldGen       total 68608K, used 23254K [0x00000000c0000000, 0x00000000c4300000, 0x00000000eab00000)
  object space 68608K, 33% used [0x00000000c0000000,0x00000000c16b5a10,0x00000000c4300000)
 Metaspace       used 42824K, capacity 45238K, committed 45568K, reserved 1089536K
  class space    used 4968K, capacity 5787K, committed 5888K, reserved 1048576K
Event: 8.891 GC heap after
Heap after GC invocations=16 (full 2):
 PSYoungGen      total 26112K, used 3049K [0x00000000eab00000, 0x00000000ed300000, 0x0000000100000000)
  eden space 23040K, 0% used [0x00000000eab00000,0x00000000eab00000,0x00000000ec180000)
  from space 3072K, 99% used [0x00000000ec900000,0x00000000ecbfa718,0x00000000ecc00000)
  to   space 7680K, 0% used [0x00000000ec180000,0x00000000ec180000,0x00000000ec900000)
 ParOldGen       total 68608K, used 27029K [0x00000000c0000000, 0x00000000c4300000, 0x00000000eab00000)
  object space 68608K, 39% used [0x00000000c0000000,0x00000000c1a65730,0x00000000c4300000)
 Metaspace       used 42824K, capacity 45238K, committed 45568K, reserved 1089536K
  class space    used 4968K, capacity 5787K, committed 5888K, reserved 1048576K
}
Event: 9.076 GC heap before
{Heap before GC invocations=17 (full 2):
 PSYoungGen      total 26112K, used 26089K [0x00000000eab00000, 0x00000000ed300000, 0x0000000100000000)
  eden space 23040K, 100% used [0x00000000eab00000,0x00000000ec180000,0x00000000ec180000)
  from space 3072K, 99% used [0x00000000ec900000,0x00000000ecbfa718,0x00000000ecc00000)
  to   space 7680K, 0% used [0x00000000ec180000,0x00000000ec180000,0x00000000ec900000)
 ParOldGen       total 68608K, used 27029K [0x00000000c0000000, 0x00000000c4300000, 0x00000000eab00000)
  object space 68608K, 39% used [0x00000000c0000000,0x00000000c1a65730,0x00000000c4300000)
 Metaspace       used 44515K, capacity 46902K, committed 47232K, reserved 1089536K
  class space    used 5367K, capacity 6171K, committed 6272K, reserved 1048576K
Event: 9.081 GC heap after
Heap after GC invocations=17 (full 2):
 PSYoungGen      total 28160K, used 5407K [0x00000000eab00000, 0x00000000ecd00000, 0x0000000100000000)
  eden space 22528K, 0% used [0x00000000eab00000,0x00000000eab00000,0x00000000ec100000)
  from space 5632K, 96% used [0x00000000ec180000,0x00000000ec6c7cd8,0x00000000ec700000)
  to   space 6144K, 0% used [0x00000000ec700000,0x00000000ec700000,0x00000000ecd00000)
 ParOldGen       total 68608K, used 28213K [0x00000000c0000000, 0x00000000c4300000, 0x00000000eab00000)
  object space 68608K, 41% used [0x00000000c0000000,0x00000000c1b8d790,0x00000000c4300000)
 Metaspace       used 44515K, capacity 46902K, committed 47232K, reserved 1089536K
  class space    used 5367K, capacity 6171K, committed 6272K, reserved 1048576K
}
Event: 14.607 GC heap before
{Heap before GC invocations=18 (full 2):
 PSYoungGen      total 28160K, used 27935K [0x00000000eab00000, 0x00000000ecd00000, 0x0000000100000000)
  eden space 22528K, 100% used [0x00000000eab00000,0x00000000ec100000,0x00000000ec100000)
  from space 5632K, 96% used [0x00000000ec180000,0x00000000ec6c7cd8,0x00000000ec700000)
  to   space 6144K, 0% used [0x00000000ec700000,0x00000000ec700000,0x00000000ecd00000)
 ParOldGen       total 68608K, used 28213K [0x00000000c0000000, 0x00000000c4300000, 0x00000000eab00000)
  object space 68608K, 41% used [0x00000000c0000000,0x00000000c1b8d790,0x00000000c4300000)
 Metaspace       used 46579K, capacity 49110K, committed 49280K, reserved 1091584K
  class space    used 5685K, capacity 6513K, committed 6528K, reserved 1048576K
Event: 14.619 GC heap after
Heap after GC invocations=18 (full 2):
 PSYoungGen      total 29184K, used 3490K [0x00000000eab00000, 0x00000000ecc00000, 0x0000000100000000)
  eden space 24064K, 0% used [0x00000000eab00000,0x00000000eab00000,0x00000000ec280000)
  from space 5120K, 68% used [0x00000000ec700000,0x00000000eca68b58,0x00000000ecc00000)
  to   space 4608K, 0% used [0x00000000ec280000,0x00000000ec280000,0x00000000ec700000)
 ParOldGen       total 68608K, used 28221K [0x00000000c0000000, 0x00000000c4300000, 0x00000000eab00000)
  object space 68608K, 41% used [0x00000000c0000000,0x00000000c1b8f790,0x00000000c4300000)
 Metaspace       used 46579K, capacity 49110K, committed 49280K, reserved 1091584K
  class space    used 5685K, capacity 6513K, committed 6528K, reserved 1048576K
}

Deoptimization events (10 events):
Event: 14.670 Thread 0x00000000174cc000 Uncommon trap: reason=class_check action=maybe_recompile pc=0x000000000314c87c method=java.util.HashMap.removeNode(ILjava/lang/Object;Ljava/lang/Object;ZZ)Ljava/util/HashMap$Node; @ 143
Event: 14.681 Thread 0x00000000174cc000 Uncommon trap: reason=class_check action=maybe_recompile pc=0x000000000314c87c method=java.util.HashMap.removeNode(ILjava/lang/Object;Ljava/lang/Object;ZZ)Ljava/util/HashMap$Node; @ 143
Event: 14.697 Thread 0x00000000174cc000 Uncommon trap: reason=class_check action=maybe_recompile pc=0x000000000314c87c method=java.util.HashMap.removeNode(ILjava/lang/Object;Ljava/lang/Object;ZZ)Ljava/util/HashMap$Node; @ 143
Event: 14.708 Thread 0x00000000174cc000 Uncommon trap: reason=class_check action=maybe_recompile pc=0x00000000035e7bc0 method=java.util.HashMap.removeNode(ILjava/lang/Object;Ljava/lang/Object;ZZ)Ljava/util/HashMap$Node; @ 143
Event: 14.736 Thread 0x00000000174cc000 Uncommon trap: reason=array_check action=maybe_recompile pc=0x0000000003630994 method=java.util.TimSort.reverseRange([Ljava/lang/Object;II)V @ 20
Event: 16.943 Thread 0x00000000174cc000 Uncommon trap: reason=unstable_if action=reinterpret pc=0x000000000383d290 method=com.esotericsoftware.kryo.io.Input.read([BII)I @ 64
Event: 16.944 Thread 0x00000000174cc000 Uncommon trap: reason=unstable_if action=reinterpret pc=0x000000000383fb50 method=com.esotericsoftware.kryo.io.Input.read([BII)I @ 64
Event: 16.945 Thread 0x00000000174cc000 Uncommon trap: reason=unstable_if action=reinterpret pc=0x000000000384cf50 method=com.esotericsoftware.kryo.io.Input.read([BII)I @ 64
Event: 16.946 Thread 0x00000000174cc000 Uncommon trap: reason=unstable_if action=reinterpret pc=0x0000000003840760 method=com.esotericsoftware.kryo.io.Input.read([BII)I @ 64
Event: 16.947 Thread 0x00000000174cc000 Uncommon trap: reason=unstable_if action=reinterpret pc=0x00000000038127ec method=com.esotericsoftware.kryo.io.Input.read([BII)I @ 64

Classes redefined (0 events):
No events

Internal exceptions (10 events):
Event: 11.513 Thread 0x00000000174cc000 Exception <a 'java/lang/NoSuchMethodError': <clinit>> (0x00000000ebf69338) thrown at [D:\src\AOSP-openjdk-cygwin\jdk8u\hotspot\src\share\vm\prims\jni.cpp, line 1614]
Event: 12.586 Thread 0x00000000174cc000 Exception <a 'java/lang/NoSuchMethodError': <clinit>> (0x00000000ebff19e0) thrown at [D:\src\AOSP-openjdk-cygwin\jdk8u\hotspot\src\share\vm\prims\jni.cpp, line 1614]
Event: 12.586 Thread 0x00000000174cc000 Exception <a 'java/lang/NoSuchMethodError': <clinit>> (0x00000000ebffb398) thrown at [D:\src\AOSP-openjdk-cygwin\jdk8u\hotspot\src\share\vm\prims\jni.cpp, line 1614]
Event: 12.588 Thread 0x00000000174cc000 Exception <a 'java/lang/NoSuchMethodError': <clinit>> (0x00000000ec00e3b8) thrown at [D:\src\AOSP-openjdk-cygwin\jdk8u\hotspot\src\share\vm\prims\jni.cpp, line 1614]
Event: 12.588 Thread 0x00000000174cc000 Exception <a 'java/lang/NoSuchMethodError': <clinit>> (0x00000000ec017d78) thrown at [D:\src\AOSP-openjdk-cygwin\jdk8u\hotspot\src\share\vm\prims\jni.cpp, line 1614]
Event: 13.652 Thread 0x00000000174cc000 Exception <a 'java/lang/NoSuchMethodError': <clinit>> (0x00000000ec05cc90) thrown at [D:\src\AOSP-openjdk-cygwin\jdk8u\hotspot\src\share\vm\prims\jni.cpp, line 1614]
Event: 13.654 Thread 0x00000000174cc000 Exception <a 'java/lang/NoSuchMethodError': <clinit>> (0x00000000ec071ac0) thrown at [D:\src\AOSP-openjdk-cygwin\jdk8u\hotspot\src\share\vm\prims\jni.cpp, line 1614]
Event: 13.655 Thread 0x00000000174cc000 Exception <a 'java/lang/NoSuchMethodError': <clinit>> (0x00000000ec07ab70) thrown at [D:\src\AOSP-openjdk-cygwin\jdk8u\hotspot\src\share\vm\prims\jni.cpp, line 1614]
Event: 13.655 Thread 0x00000000174cc000 Exception <a 'java/lang/NoSuchMethodError': <clinit>> (0x00000000ec083ed0) thrown at [D:\src\AOSP-openjdk-cygwin\jdk8u\hotspot\src\share\vm\prims\jni.cpp, line 1614]
Event: 14.736 Thread 0x00000000174cc000 Exception <a 'java/lang/NoSuchMethodError': <clinit>> (0x00000000eac27ac8) thrown at [D:\src\AOSP-openjdk-cygwin\jdk8u\hotspot\src\share\vm\prims\jni.cpp, line 1614]

Events (10 events):
Event: 16.944 Thread 0x00000000174cc000 DEOPT UNPACKING pc=0x0000000002bf557b sp=0x000000001e07d4d0 mode 2
Event: 16.945 Thread 0x00000000174cc000 Uncommon trap: trap_request=0xffffff65 fr.pc=0x000000000384cf50
Event: 16.945 Thread 0x00000000174cc000 DEOPT PACKING pc=0x000000000384cf50 sp=0x000000001e07d8a0
Event: 16.945 Thread 0x00000000174cc000 DEOPT UNPACKING pc=0x0000000002bf557b sp=0x000000001e07d6d0 mode 2
Event: 16.946 Thread 0x00000000174cc000 Uncommon trap: trap_request=0xffffff65 fr.pc=0x0000000003840760
Event: 16.946 Thread 0x00000000174cc000 DEOPT PACKING pc=0x0000000003840760 sp=0x000000001e07d690
Event: 16.946 Thread 0x00000000174cc000 DEOPT UNPACKING pc=0x0000000002bf557b sp=0x000000001e07d568 mode 2
Event: 16.947 Thread 0x00000000174cc000 Uncommon trap: trap_request=0xffffff65 fr.pc=0x00000000038127ec
Event: 16.947 Thread 0x00000000174cc000 DEOPT PACKING pc=0x00000000038127ec sp=0x000000001e07da60
Event: 16.947 Thread 0x00000000174cc000 DEOPT UNPACKING pc=0x0000000002bf557b sp=0x000000001e07d9c8 mode 2


Dynamic libraries:
0x00007ff669300000 - 0x00007ff669331000 	C:\Android\Android Studio\jre\bin\java.exe
0x00007ffb908e0000 - 0x00007ffb90ad0000 	C:\WINDOWS\SYSTEM32\ntdll.dll
0x00007ffb90640000 - 0x00007ffb906f2000 	C:\WINDOWS\System32\KERNEL32.DLL
0x00007ffb8e690000 - 0x00007ffb8e933000 	C:\WINDOWS\System32\KERNELBASE.dll
0x00007ffb8b410000 - 0x00007ffb8b49f000 	C:\WINDOWS\SYSTEM32\apphelp.dll
0x00007ffb8fc70000 - 0x00007ffb8fd13000 	C:\WINDOWS\System32\ADVAPI32.dll
0x00007ffb8fdf0000 - 0x00007ffb8fe8e000 	C:\WINDOWS\System32\msvcrt.dll
0x00007ffb8ee60000 - 0x00007ffb8eef7000 	C:\WINDOWS\System32\sechost.dll
0x00007ffb8ed40000 - 0x00007ffb8ee60000 	C:\WINDOWS\System32\RPCRT4.dll
0x00007ffb90700000 - 0x00007ffb90894000 	C:\WINDOWS\System32\USER32.dll
0x00007ffb8e510000 - 0x00007ffb8e531000 	C:\WINDOWS\System32\win32u.dll
0x00007ffb8fab0000 - 0x00007ffb8fad6000 	C:\WINDOWS\System32\GDI32.dll
0x00007ffb8da20000 - 0x00007ffb8dbb4000 	C:\WINDOWS\System32\gdi32full.dll
0x00007ffb8e5f0000 - 0x00007ffb8e68e000 	C:\WINDOWS\System32\msvcp_win.dll
0x00007ffb8d8a0000 - 0x00007ffb8d99a000 	C:\WINDOWS\System32\ucrtbase.dll
0x00007ffb7bde0000 - 0x00007ffb7c065000 	C:\WINDOWS\WinSxS\amd64_microsoft.windows.common-controls_6595b64144ccf1df_6.0.18362.720_none_e6beb5c51314836b\COMCTL32.dll
0x00007ffb8fe90000 - 0x00007ffb901c6000 	C:\WINDOWS\System32\combase.dll
0x00007ffb8d9a0000 - 0x00007ffb8da20000 	C:\WINDOWS\System32\bcryptPrimitives.dll
0x00007ffb8eca0000 - 0x00007ffb8ecce000 	C:\WINDOWS\System32\IMM32.DLL
0x0000000058780000 - 0x0000000058852000 	C:\Android\Android Studio\jre\jre\bin\msvcr100.dll
0x0000000058b50000 - 0x0000000059396000 	C:\Android\Android Studio\jre\jre\bin\server\jvm.dll
0x00007ffb8fc60000 - 0x00007ffb8fc68000 	C:\WINDOWS\System32\PSAPI.DLL
0x00007ffb871e0000 - 0x00007ffb871ea000 	C:\WINDOWS\SYSTEM32\VERSION.dll
0x00007ffb7b5e0000 - 0x00007ffb7b5e9000 	C:\WINDOWS\SYSTEM32\WSOCK32.dll
0x00007ffb89ea0000 - 0x00007ffb89ec4000 	C:\WINDOWS\SYSTEM32\WINMM.dll
0x00007ffb8fae0000 - 0x00007ffb8fb4f000 	C:\WINDOWS\System32\WS2_32.dll
0x00007ffb89e70000 - 0x00007ffb89e9d000 	C:\WINDOWS\SYSTEM32\winmmbase.dll
0x00007ffb8e940000 - 0x00007ffb8e98a000 	C:\WINDOWS\System32\cfgmgr32.dll
0x00007ffb86800000 - 0x00007ffb8680f000 	C:\Android\Android Studio\jre\jre\bin\verify.dll
0x00007ffb7ee20000 - 0x00007ffb7ee49000 	C:\Android\Android Studio\jre\jre\bin\java.dll
0x00007ffb857e0000 - 0x00007ffb857f6000 	C:\Android\Android Studio\jre\jre\bin\zip.dll
0x00007ffb8f3c0000 - 0x00007ffb8faa5000 	C:\WINDOWS\System32\SHELL32.dll
0x00007ffb8fbb0000 - 0x00007ffb8fc59000 	C:\WINDOWS\System32\shcore.dll
0x00007ffb8dd10000 - 0x00007ffb8e490000 	C:\WINDOWS\System32\windows.storage.dll
0x00007ffb8d840000 - 0x00007ffb8d863000 	C:\WINDOWS\System32\profapi.dll
0x00007ffb8d7b0000 - 0x00007ffb8d7fa000 	C:\WINDOWS\System32\powrprof.dll
0x00007ffb8d7a0000 - 0x00007ffb8d7b0000 	C:\WINDOWS\System32\UMPDC.dll
0x00007ffb8ece0000 - 0x00007ffb8ed32000 	C:\WINDOWS\System32\shlwapi.dll
0x00007ffb8d800000 - 0x00007ffb8d811000 	C:\WINDOWS\System32\kernel.appcore.dll
0x00007ffb8e4f0000 - 0x00007ffb8e507000 	C:\WINDOWS\System32\cryptsp.dll
0x00007ffb7e050000 - 0x00007ffb7e06a000 	C:\Android\Android Studio\jre\jre\bin\net.dll
0x00007ffb8d010000 - 0x00007ffb8d077000 	C:\WINDOWS\system32\mswsock.dll
0x00007ffb7dfa0000 - 0x00007ffb7dfb1000 	C:\Android\Android Studio\jre\jre\bin\nio.dll
0x00007ffb8cb80000 - 0x00007ffb8cbb3000 	C:\WINDOWS\system32\rsaenh.dll
0x00007ffb8d870000 - 0x00007ffb8d896000 	C:\WINDOWS\System32\bcrypt.dll
0x00007ffb8d6c0000 - 0x00007ffb8d6e5000 	C:\WINDOWS\SYSTEM32\USERENV.dll
0x00007ffb8d1e0000 - 0x00007ffb8d1ec000 	C:\WINDOWS\SYSTEM32\CRYPTBASE.dll
0x00007ffb8cd20000 - 0x00007ffb8cd5a000 	C:\WINDOWS\SYSTEM32\IPHLPAPI.DLL
0x00007ffb8ecd0000 - 0x00007ffb8ecd8000 	C:\WINDOWS\System32\NSI.dll
0x00007ffb823f0000 - 0x00007ffb82406000 	C:\WINDOWS\SYSTEM32\dhcpcsvc6.DLL
0x00007ffb83bd0000 - 0x00007ffb83bec000 	C:\WINDOWS\SYSTEM32\dhcpcsvc.DLL
0x00007ffb8cd60000 - 0x00007ffb8ce2a000 	C:\WINDOWS\SYSTEM32\DNSAPI.dll
0x00007ffb88640000 - 0x00007ffb88669000 	C:\Users\hp\AppData\Roaming\Code\User\globalStorage\redhat.java\0.59.1\config_win\org.eclipse.equinox.launcher\org.eclipse.equinox.launcher.win32.win32.x86_64_1.1.1100.v20190907-0426\eclipse_1902.dll
0x00007ffb88b70000 - 0x00007ffb88b81000 	C:\Users\hp\AppData\Roaming\Code\User\globalStorage\redhat.java\0.59.1\config_win\org.eclipse.osgi\20\0\.cp\jWinHttp-1.0.0.dll
0x00007ffb8f150000 - 0x00007ffb8f2a7000 	C:\WINDOWS\System32\ole32.dll
0x00007ffb880c0000 - 0x00007ffb881b1000 	C:\WINDOWS\SYSTEM32\WINHTTP.dll
0x00007ffb7e200000 - 0x00007ffb7e226000 	C:\Users\hp\.gradle\native\30\windows-amd64\native-platform.dll
0x00007ffb85c50000 - 0x00007ffb85c5d000 	C:\Android\Android Studio\jre\jre\bin\management.dll

VM Arguments:
jvm_args: -Declipse.application=org.eclipse.jdt.ls.core.id1 -Dosgi.bundles.defaultStartLevel=4 -Declipse.product=org.eclipse.jdt.ls.core.product -Dfile.encoding=utf8 -DwatchParentProcess=false -XX:+UseParallelGC -XX:GCTimeRatio=4 -XX:AdaptiveSizePolicyWeight=90 -Dsun.zip.disableMemoryMapping=true -Xmx1G -Xms100m -Xverify:none 
java_command: c:\Users\hp\.vscode\extensions\redhat.java-0.59.1\server\plugins\org.eclipse.equinox.launcher_1.5.700.v20200207-2156.jar -configuration c:\Users\hp\AppData\Roaming\Code\User\globalStorage\redhat.java\0.59.1\config_win -data c:\Users\hp\AppData\Roaming\Code\User\workspaceStorage\b3df3ea2f151c145382176f2a6cd7af5\redhat.java\jdt_ws
java_class_path (initial): c:\Users\hp\.vscode\extensions\redhat.java-0.59.1\server\plugins\org.eclipse.equinox.launcher_1.5.700.v20200207-2156.jar
Launcher Type: SUN_STANDARD

Environment Variables:
JAVA_HOME=C:\Android\Android Studio\jre
PATH=D:\oracle\product\11.2.0\client_1\bin;C:\Python\Python37\Scripts\;C:\Python\Python37\;C:\Program Files (x86)\Intel\iCLS Client\;C:\Program Files\Intel\iCLS Client\;C:\windows\system32;C:\windows;C:\windows\System32\Wbem;C:\windows\System32\WindowsPowerShell\v1.0\;C:\Program Files (x86)\Intel\Intel(R) Management Engine Components\DAL;C:\Program Files\Intel\Intel(R) Management Engine Components\DAL;C:\Program Files (x86)\Intel\Intel(R) Management Engine Components\IPT;C:\Program Files\Intel\Intel(R) Management Engine Components\IPT;C:\Program Files (x86)\NVIDIA Corporation\PhysX\Common;C:\Program Files\MySQL\MySQL Server 5.7\bin;D:\ProgramFiles\Git\cmd;D:\ProgramFiles\Dart\dart-sdk\bin;C:\WINDOWS\system32;C:\WINDOWS;C:\WINDOWS\System32\Wbem;C:\WINDOWS\System32\WindowsPowerShell\v1.0\;C:\WINDOWS\System32\OpenSSH\;C:\Flutter\flutter\bin;C:\Program Files\TortoiseSVN\bin;D:\Bitnami\wamp\php;C:\ProgramData\ComposerSetup\bin;C:\Program Files\dotnet\;C:\Program Files\Microsoft SQL Server\130\Tools\Binn\;D:\ProgramFiles\TortoiseGit\bin;C:\nodejs\;C:\Users\hp\AppData\Local\Microsoft\WindowsApps;C:\Users\hp\AppData\Local\Programs\Microsoft VS Code\bin;C:\Users\hp\AppData\Roaming\Composer\vendor\bin;C:\Users\hp\AppData\Roaming\npm;C:\Android\Android Studio\jre\bin
USERNAME=hp
OS=Windows_NT
PROCESSOR_IDENTIFIER=Intel64 Family 6 Model 142 Stepping 10, GenuineIntel



---------------  S Y S T E M  ---------------

OS: Windows 10.0 , 64 bit Build 18362 (10.0.18362.329)

CPU:total 8 (initial active 8) (4 cores per cpu, 2 threads per core) family 6 model 142 stepping 10, cmov, cx8, fxsr, mmx, sse, sse2, sse3, ssse3, sse4.1, sse4.2, popcnt, avx, avx2, aes, clmul, erms, 3dnowpref, lzcnt, ht, tsc, tscinvbit, bmi1, bmi2, adx

Memory: 4k page, physical 8259236k(450972k free), swap 23727776k(3116k free)

vm_info: OpenJDK 64-Bit Server VM (25.202-b03) for windows-amd64 JRE (1.8.0_202-release-1483-b03), built by "builder" with MS VC++ 10.0 (VS2010)

time: Thu Apr 09 16:04:28 2020
timezone: SE Asia Standard Time
elapsed time: 18 seconds (0d 0h 0m 18s)

